<?xml version="1.0" encoding="UTF-8"?>
<!-- Generated by org.testng.reporters.JUnitXMLReporter -->
<testsuite hostname="Asus-PC" ignored="0" name="Default test" tests="1" failures="1" timestamp="2020-09-04T19:09:27 CAT" time="61.589" errors="0">
  <testcase name="f" time="61.567" classname="iLab.RunAll">
    <failure type="java.lang.NullPointerException">
      <![CDATA[java.lang.NullPointerException
at iLab.RunAll.f(RunAll.java:29)
at java.util.ArrayList.forEach(Unknown Source)
... Removed 27 stack frames]]>
    </failure>
  </testcase> <!-- f -->
</testsuite> <!-- Default test -->
