<?xml version="1.0" encoding="UTF-8"?>
<!-- Generated by org.testng.reporters.JUnitXMLReporter -->
<testsuite hostname="Asus-PC" ignored="0" name="Test" tests="2" failures="2" timestamp="2020-09-04T18:06:36 CAT" time="0.448" errors="0">
  <testcase name="@AfterTest tearDown" time="0.001" classname="iLab.iLabTest2">
    <failure type="java.lang.NullPointerException">
      <![CDATA[java.lang.NullPointerException
at iLab.iLabTest2.tearDown(iLabTest2.java:48)
... Removed 24 stack frames]]>
    </failure>
  </testcase> <!-- @AfterTest tearDown -->
  <testcase name="testILabDB" time="0.006" classname="iLab.iLabTest2">
    <failure type="java.lang.NullPointerException">
      <![CDATA[java.lang.NullPointerException
at automation.DriverConfig.<init>(DriverConfig.java:43)
at iLab.Keywords.<init>(Keywords.java:19)
at iLab.iLabTest2.testILabDB(iLabTest2.java:34)
at java.util.ArrayList.forEach(Unknown Source)
... Removed 27 stack frames]]>
    </failure>
  </testcase> <!-- testILabDB -->
  <testcase name="testILabDB" time="0.001" classname="iLab.iLabTest2">
    <failure type="java.lang.NullPointerException">
      <![CDATA[java.lang.NullPointerException
at automation.DriverConfig.<init>(DriverConfig.java:24)
at iLab.Keywords.<init>(Keywords.java:19)
at iLab.iLabTest2.testILabDB(iLabTest2.java:34)
at java.util.ArrayList.forEach(Unknown Source)
... Removed 27 stack frames]]>
    </failure>
  </testcase> <!-- testILabDB -->
</testsuite> <!-- Test -->
