<?xml version="1.0" encoding="UTF-8"?>
<!-- Generated by org.testng.reporters.JUnitXMLReporter -->
<testsuite hostname="Asus-PC" ignored="0" name="testILab2" tests="2" failures="1" timestamp="2020-09-04T19:41:29 CAT" time="66.302" errors="0">
  <testcase name="testILabDB" time="39.237" classname="iLab.iLabTest2"/>
  <testcase name="testILabDB" time="26.677" classname="iLab.iLabTest2">
    <failure type="java.lang.AssertionError" message="expected [You need to upload at least one file.] but found [Field cannot be empty]">
      <![CDATA[java.lang.AssertionError: expected [You need to upload at least one file.] but found [Field cannot be empty]
at iLab.iLabTest2.testILabDB(iLabTest2.java:36)
at java.util.ArrayList.forEach(Unknown Source)
at iLab.RunAll.main(RunAll.java:27)
... Removed 30 stack frames]]>
    </failure>
  </testcase> <!-- testILabDB -->
</testsuite> <!-- testILab2 -->
